<?xml version="1.0" encoding="UTF-8"?>
<!-- Generated by org.testng.reporters.JUnitXMLReporter -->
<testsuite ignored="0" hostname="LAPTOP-7DB4GVKK" failures="1" tests="3" name="Test13" time="18.427" errors="0" timestamp="2022-09-06T20:03:39 IST">
  <testcase classname="com.demoQA.tests.CheckBox_Test" name="testHeaderTxt" time="0.044"/>
  <testcase classname="com.demoQA.tests.CheckBox_Test" name="testHomeCheckBox" time="5.15">
    <failure type="java.lang.AssertionError">
      <![CDATA[java.lang.AssertionError: 
at com.demoQA.tests.CheckBox_Test.testHomeCheckBox(CheckBox_Test.java:45)
at java.base/java.util.ArrayList.forEach(ArrayList.java:1511)
... Removed 32 stack frames]]>
    </failure>
  </testcase> <!-- testHomeCheckBox -->
  <testcase classname="com.demoQA.tests.CheckBox_Test" name="testHomeTxt" time="0.031"/>
</testsuite> <!-- Test13 -->
