<?xml version="1.0" encoding="UTF-8"?>
<!-- Generated by org.testng.reporters.JUnitXMLReporter -->
<testsuite ignored="0" hostname="LAPTOP-7DB4GVKK" failures="1" tests="4" name="Test15" time="15.323" errors="0" timestamp="2022-09-06T20:04:17 IST">
  <testcase classname="com.demoQA.tests.Droppable_Test" name="verifyAccepatbleDragDrop" time="0.518">
    <failure type="java.lang.AssertionError" message="expected [Dropped!] but found [Drop here]">
      <![CDATA[java.lang.AssertionError: expected [Dropped!] but found [Drop here]
at com.demoQA.tests.Droppable_Test.verifyAccepatbleDragDrop(Droppable_Test.java:45)
at java.base/java.util.ArrayList.forEach(ArrayList.java:1511)
... Removed 35 stack frames]]>
    </failure>
  </testcase> <!-- verifyAccepatbleDragDrop -->
  <testcase classname="com.demoQA.tests.Droppable_Test" name="verifyDragDrop" time="5.151"/>
  <testcase classname="com.demoQA.tests.Droppable_Test" name="verifyTitle" time="0.072"/>
  <testcase classname="com.demoQA.tests.Droppable_Test" name="verifyNotAccepatbleDragDrop" time="0.428"/>
</testsuite> <!-- Test15 -->
