<?xml version="1.0" encoding="UTF-8"?>
<!-- Generated by org.testng.reporters.JUnitXMLReporter -->
<testsuite ignored="0" hostname="LAPTOP-7DB4GVKK" failures="3" tests="3" name="Test2" time="9.425" errors="0" timestamp="2022-09-06T20:00:51 IST">
  <testcase classname="com.demoQA.tests.TextBox_Test" name="testCurrentAdd" time="1.044">
    <failure type="org.testng.internal.reflect.MethodMatcherException" message="
[public void com.demoQA.tests.TextBox_Test.testCurrentAdd(java.lang.String,java.lang.String,java.lang.String,java.lang.String,java.lang.String,java.lang.String)] has no parameters defined but was found to be using a data provider (either explicitly specified or inherited from class level annotation).
Data provider mismatch
Method: testCurrentAdd([java.lang.String arg0, java.lang.String arg1, java.lang.String arg2, java.lang.String arg3, java.lang.String arg4, java.lang.String arg5])
Arguments: [(java.lang.String) Nagbhushan Bhalerao,(java.lang.String) bhushan@123,(java.lang.String) Pune,(java.lang.String) Group 1, option 1,(java.lang.String) Ms.,(java.lang.String) Black,(java.lang.Double) 10.0]">
      <![CDATA[org.testng.internal.reflect.MethodMatcherException: 
[public void com.demoQA.tests.TextBox_Test.testCurrentAdd(java.lang.String,java.lang.String,java.lang.String,java.lang.String,java.lang.String,java.lang.String)] has no parameters defined but was found to be using a data provider (either explicitly specified or inherited from class level annotation).
Data provider mismatch
Method: testCurrentAdd([java.lang.String arg0, java.lang.String arg1, java.lang.String arg2, java.lang.String arg3, java.lang.String arg4, java.lang.String arg5])
Arguments: [(java.lang.String) Nagbhushan Bhalerao,(java.lang.String) bhushan@123,(java.lang.String) Pune,(java.lang.String) Group 1, option 1,(java.lang.String) Ms.,(java.lang.String) Black,(java.lang.Double) 10.0]
at java.base/java.util.ArrayList.forEach(ArrayList.java:1511)
... Removed 26 stack frames]]>
    </failure>
  </testcase> <!-- testCurrentAdd -->
  <testcase classname="com.demoQA.tests.TextBox_Test" name="testEmail" time="0.069">
    <failure type="org.testng.internal.reflect.MethodMatcherException" message="
[public void com.demoQA.tests.TextBox_Test.testEmail(java.lang.String,java.lang.String,java.lang.String,java.lang.String,java.lang.String,java.lang.String)] has no parameters defined but was found to be using a data provider (either explicitly specified or inherited from class level annotation).
Data provider mismatch
Method: testEmail([java.lang.String arg0, java.lang.String arg1, java.lang.String arg2, java.lang.String arg3, java.lang.String arg4, java.lang.String arg5])
Arguments: [(java.lang.String) Nagbhushan Bhalerao,(java.lang.String) bhushan@123,(java.lang.String) Pune,(java.lang.String) Group 1, option 1,(java.lang.String) Ms.,(java.lang.String) Black,(java.lang.Double) 10.0]">
      <![CDATA[org.testng.internal.reflect.MethodMatcherException: 
[public void com.demoQA.tests.TextBox_Test.testEmail(java.lang.String,java.lang.String,java.lang.String,java.lang.String,java.lang.String,java.lang.String)] has no parameters defined but was found to be using a data provider (either explicitly specified or inherited from class level annotation).
Data provider mismatch
Method: testEmail([java.lang.String arg0, java.lang.String arg1, java.lang.String arg2, java.lang.String arg3, java.lang.String arg4, java.lang.String arg5])
Arguments: [(java.lang.String) Nagbhushan Bhalerao,(java.lang.String) bhushan@123,(java.lang.String) Pune,(java.lang.String) Group 1, option 1,(java.lang.String) Ms.,(java.lang.String) Black,(java.lang.Double) 10.0]
at java.base/java.util.ArrayList.forEach(ArrayList.java:1511)
... Removed 26 stack frames]]>
    </failure>
  </testcase> <!-- testEmail -->
  <testcase classname="com.demoQA.tests.TextBox_Test" name="testFullName" time="0.039">
    <failure type="org.testng.internal.reflect.MethodMatcherException" message="
[public void com.demoQA.tests.TextBox_Test.testFullName(java.lang.String,java.lang.String,java.lang.String,java.lang.String,java.lang.String,java.lang.String)] has no parameters defined but was found to be using a data provider (either explicitly specified or inherited from class level annotation).
Data provider mismatch
Method: testFullName([java.lang.String arg0, java.lang.String arg1, java.lang.String arg2, java.lang.String arg3, java.lang.String arg4, java.lang.String arg5])
Arguments: [(java.lang.String) Nagbhushan Bhalerao,(java.lang.String) bhushan@123,(java.lang.String) Pune,(java.lang.String) Group 1, option 1,(java.lang.String) Ms.,(java.lang.String) Black,(java.lang.Double) 10.0]">
      <![CDATA[org.testng.internal.reflect.MethodMatcherException: 
[public void com.demoQA.tests.TextBox_Test.testFullName(java.lang.String,java.lang.String,java.lang.String,java.lang.String,java.lang.String,java.lang.String)] has no parameters defined but was found to be using a data provider (either explicitly specified or inherited from class level annotation).
Data provider mismatch
Method: testFullName([java.lang.String arg0, java.lang.String arg1, java.lang.String arg2, java.lang.String arg3, java.lang.String arg4, java.lang.String arg5])
Arguments: [(java.lang.String) Nagbhushan Bhalerao,(java.lang.String) bhushan@123,(java.lang.String) Pune,(java.lang.String) Group 1, option 1,(java.lang.String) Ms.,(java.lang.String) Black,(java.lang.Double) 10.0]
at java.base/java.util.ArrayList.forEach(ArrayList.java:1511)
... Removed 26 stack frames]]>
    </failure>
  </testcase> <!-- testFullName -->
</testsuite> <!-- Test2 -->
