<?xml version="1.0" encoding="UTF-8"?>
<!-- Generated by org.testng.reporters.JUnitReportReporter -->
<testsuite skipped="0" hostname="LAPTOP-7DB4GVKK" name="com.orangehrm.qa.tests.TestHomePage" tests="6" failures="1" timestamp="2022-08-31T22:37:17 IST" time="16.237" errors="0">
  <testcase name="checkAddBtn" time="1.608" classname="com.orangehrm.qa.tests.TestHomePage"/>
  <testcase name="testLeavepage" time="3.426" classname="com.orangehrm.qa.tests.TestHomePage"/>
  <testcase name="checkEmployeeInfo" time="0.333" classname="com.orangehrm.qa.tests.TestHomePage"/>
  <testcase name="test_Admin_Page" time="3.482" classname="com.orangehrm.qa.tests.TestHomePage"/>
  <testcase name="test_My_Info_Page" time="5.010" classname="com.orangehrm.qa.tests.TestHomePage">
    <failure type="java.lang.AssertionError" message="expected [bhushan12] but found [0024]">
      <![CDATA[java.lang.AssertionError: expected [bhushan12] but found [0024]
at org.testng.Assert.fail(Assert.java:97)
at org.testng.Assert.assertEqualsImpl(Assert.java:136)
at org.testng.Assert.assertEquals(Assert.java:118)
at org.testng.Assert.assertEquals(Assert.java:575)
at org.testng.Assert.assertEquals(Assert.java:585)
at com.orangehrm.qa.tests.TestHomePage.test_My_Info_Page(TestHomePage.java:48)
at sun.reflect.NativeMethodAccessorImpl.invoke0(Native Method)
at sun.reflect.NativeMethodAccessorImpl.invoke(NativeMethodAccessorImpl.java:62)
at sun.reflect.DelegatingMethodAccessorImpl.invoke(DelegatingMethodAccessorImpl.java:43)
at java.lang.reflect.Method.invoke(Method.java:498)
at org.testng.internal.MethodInvocationHelper.invokeMethod(MethodInvocationHelper.java:133)
at org.testng.internal.TestInvoker.invokeMethod(TestInvoker.java:584)
at org.testng.internal.TestInvoker.invokeTestMethod(TestInvoker.java:172)
at org.testng.internal.MethodRunner.runInSequence(MethodRunner.java:46)
at org.testng.internal.TestInvoker$MethodInvocationAgent.invoke(TestInvoker.java:804)
at org.testng.internal.TestInvoker.invokeTestMethods(TestInvoker.java:145)
at org.testng.internal.TestMethodWorker.invokeTestMethods(TestMethodWorker.java:146)
at org.testng.internal.TestMethodWorker.run(TestMethodWorker.java:128)
at java.util.ArrayList.forEach(ArrayList.java:1259)
at org.testng.TestRunner.privateRun(TestRunner.java:770)
at org.testng.TestRunner.run(TestRunner.java:591)
at org.testng.SuiteRunner.runTest(SuiteRunner.java:402)
at org.testng.SuiteRunner.access$000(SuiteRunner.java:41)
at org.testng.SuiteRunner$SuiteWorker.run(SuiteRunner.java:443)
at org.testng.internal.thread.ThreadUtil.lambda$execute$0(ThreadUtil.java:67)
at java.util.concurrent.FutureTask.run(FutureTask.java:266)
at java.util.concurrent.ThreadPoolExecutor.runWorker(ThreadPoolExecutor.java:1149)
at java.util.concurrent.ThreadPoolExecutor$Worker.run(ThreadPoolExecutor.java:624)
at java.lang.Thread.run(Thread.java:750)
]]>
    </failure>
  </testcase> <!-- test_My_Info_Page -->
  <testcase name="checkMenuList" time="2.378" classname="com.orangehrm.qa.tests.TestHomePage"/>
</testsuite> <!-- com.orangehrm.qa.tests.TestHomePage -->
